<?xml version="1.0" encoding="UTF-8"?>
<coverage generated="1597052067860" clover="3.2.0">
  <project timestamp="1597052067860" name="All files">
    <metrics statements="36" coveredstatements="24" conditionals="16" coveredconditionals="12" methods="9" coveredmethods="3" elements="61" coveredelements="39" complexity="0" loc="36" ncloc="36" packages="2" files="2" classes="2"/>
    <package name="src">
      <metrics statements="23" coveredstatements="15" conditionals="10" coveredconditionals="6" methods="4" coveredmethods="2"/>
      <file name="util.js" path="/Users/wanhsuan/Desktop/BuJo_React/src/util.js">
        <metrics statements="23" coveredstatements="15" conditionals="10" coveredconditionals="6" methods="4" coveredmethods="2"/>
        <line num="3" count="1" type="stmt"/>
        <line num="5" count="1" type="stmt"/>
        <line num="6" count="1" type="stmt"/>
        <line num="7" count="1" type="cond" truecount="1" falsecount="1"/>
        <line num="8" count="1" type="stmt"/>
        <line num="9" count="1" type="stmt"/>
        <line num="10" count="1" type="stmt"/>
        <line num="14" count="1" type="stmt"/>
        <line num="16" count="0" type="stmt"/>
        <line num="17" count="0" type="cond" truecount="0" falsecount="2"/>
        <line num="18" count="0" type="stmt"/>
        <line num="20" count="0" type="stmt"/>
        <line num="23" count="1" type="stmt"/>
        <line num="24" count="3" type="cond" truecount="4" falsecount="0"/>
        <line num="25" count="1" type="stmt"/>
        <line num="26" count="1" type="stmt"/>
        <line num="27" count="2" type="cond" truecount="1" falsecount="1"/>
        <line num="28" count="2" type="stmt"/>
        <line num="30" count="0" type="stmt"/>
        <line num="34" count="1" type="stmt"/>
        <line num="35" count="0" type="stmt"/>
        <line num="36" count="0" type="stmt"/>
        <line num="37" count="0" type="stmt"/>
      </file>
    </package>
    <package name="src.DayLog">
      <metrics statements="13" coveredstatements="9" conditionals="6" coveredconditionals="6" methods="5" coveredmethods="1"/>
      <file name="dayLogTitle.js" path="/Users/wanhsuan/Desktop/BuJo_React/src/DayLog/dayLogTitle.js">
        <metrics statements="13" coveredstatements="9" conditionals="6" coveredconditionals="6" methods="5" coveredmethods="1"/>
        <line num="4" count="2" type="stmt"/>
        <line num="5" count="2" type="stmt"/>
        <line num="6" count="2" type="stmt"/>
        <line num="7" count="2" type="stmt"/>
        <line num="8" count="2" type="stmt"/>
        <line num="9" count="2" type="cond" truecount="2" falsecount="0"/>
        <line num="10" count="2" type="stmt"/>
        <line num="11" count="2" type="stmt"/>
        <line num="12" count="2" type="stmt"/>
        <line num="22" count="0" type="stmt"/>
        <line num="23" count="0" type="stmt"/>
        <line num="24" count="0" type="stmt"/>
        <line num="25" count="0" type="stmt"/>
      </file>
    </package>
  </project>
</coverage>
