{"/Users/wanhsuan/Desktop/BuJo_React/src/util.js": {"path":"/Users/wanhsuan/Desktop/BuJo_React/src/util.js","statementMap":{"0":{"start":{"line":3,"column":19},"end":{"line":11,"column":1}},"1":{"start":{"line":5,"column":4},"end":{"line":5,"column":40}},"2":{"start":{"line":6,"column":4},"end":{"line":6,"column":71}},"3":{"start":{"line":7,"column":4},"end":{"line":7,"column":58}},"4":{"start":{"line":8,"column":20},"end":{"line":8,"column":62}},"5":{"start":{"line":9,"column":17},"end":{"line":9,"column":64}},"6":{"start":{"line":10,"column":4},"end":{"line":10,"column":18}},"7":{"start":{"line":14,"column":23},"end":{"line":21,"column":1}},"8":{"start":{"line":16,"column":22},"end":{"line":16,"column":26}},"9":{"start":{"line":17,"column":4},"end":{"line":19,"column":5}},"10":{"start":{"line":18,"column":8},"end":{"line":18,"column":28}},"11":{"start":{"line":20,"column":4},"end":{"line":20,"column":23}},"12":{"start":{"line":23,"column":15},"end":{"line":32,"column":1}},"13":{"start":{"line":24,"column":4},"end":{"line":31,"column":2}},"14":{"start":{"line":25,"column":8},"end":{"line":25,"column":44}},"15":{"start":{"line":26,"column":8},"end":{"line":26,"column":20}},"16":{"start":{"line":27,"column":10},"end":{"line":31,"column":2}},"17":{"start":{"line":28,"column":2},"end":{"line":28,"column":22}},"18":{"start":{"line":30,"column":2},"end":{"line":30,"column":21}},"19":{"start":{"line":34,"column":19},"end":{"line":38,"column":1}},"20":{"start":{"line":35,"column":12},"end":{"line":35,"column":35}},"21":{"start":{"line":36,"column":4},"end":{"line":36,"column":28}},"22":{"start":{"line":37,"column":4},"end":{"line":37,"column":43}}},"fnMap":{"0":{"name":"(anonymous_0)","decl":{"start":{"line":3,"column":19},"end":{"line":3,"column":20}},"loc":{"start":{"line":3,"column":24},"end":{"line":11,"column":1}},"line":3},"1":{"name":"(anonymous_1)","decl":{"start":{"line":14,"column":23},"end":{"line":14,"column":24}},"loc":{"start":{"line":14,"column":32},"end":{"line":21,"column":1}},"line":14},"2":{"name":"(anonymous_2)","decl":{"start":{"line":23,"column":15},"end":{"line":23,"column":16}},"loc":{"start":{"line":23,"column":25},"end":{"line":32,"column":1}},"line":23},"3":{"name":"(anonymous_3)","decl":{"start":{"line":34,"column":19},"end":{"line":34,"column":20}},"loc":{"start":{"line":34,"column":23},"end":{"line":38,"column":1}},"line":34}},"branchMap":{"0":{"loc":{"start":{"line":7,"column":39},"end":{"line":7,"column":55}},"type":"binary-expr","locations":[{"start":{"line":7,"column":39},"end":{"line":7,"column":52}},{"start":{"line":7,"column":54},"end":{"line":7,"column":55}}],"line":7},"1":{"loc":{"start":{"line":17,"column":4},"end":{"line":19,"column":5}},"type":"if","locations":[{"start":{"line":17,"column":4},"end":{"line":19,"column":5}},{"start":{"line":17,"column":4},"end":{"line":19,"column":5}}],"line":17},"2":{"loc":{"start":{"line":24,"column":4},"end":{"line":31,"column":2}},"type":"if","locations":[{"start":{"line":24,"column":4},"end":{"line":31,"column":2}},{"start":{"line":24,"column":4},"end":{"line":31,"column":2}}],"line":24},"3":{"loc":{"start":{"line":24,"column":7},"end":{"line":24,"column":30}},"type":"binary-expr","locations":[{"start":{"line":24,"column":7},"end":{"line":24,"column":18}},{"start":{"line":24,"column":22},"end":{"line":24,"column":30}}],"line":24},"4":{"loc":{"start":{"line":27,"column":10},"end":{"line":31,"column":2}},"type":"if","locations":[{"start":{"line":27,"column":10},"end":{"line":31,"column":2}},{"start":{"line":27,"column":10},"end":{"line":31,"column":2}}],"line":27}},"s":{"0":1,"1":1,"2":1,"3":1,"4":1,"5":1,"6":1,"7":1,"8":0,"9":0,"10":0,"11":0,"12":1,"13":3,"14":1,"15":1,"16":2,"17":2,"18":0,"19":1,"20":0,"21":0,"22":0},"f":{"0":1,"1":0,"2":3,"3":0},"b":{"0":[1,0],"1":[0,0],"2":[1,2],"3":[3,2],"4":[2,0]},"_coverageSchema":"1a1c01bbd47fc00a2c39e90264f33305004495a9","hash":"27b820b260072676e3367c8a3a055a90b8c72417"}
,"/Users/wanhsuan/Desktop/BuJo_React/src/DayLog/dayLogTitle.js": {"path":"/Users/wanhsuan/Desktop/BuJo_React/src/DayLog/dayLogTitle.js","statementMap":{"0":{"start":{"line":4,"column":19},"end":{"line":4,"column":34}},"1":{"start":{"line":5,"column":41},"end":{"line":5,"column":51}},"2":{"start":{"line":6,"column":83},"end":{"line":6,"column":94}},"3":{"start":{"line":7,"column":8},"end":{"line":7,"column":34}},"4":{"start":{"line":8,"column":20},"end":{"line":8,"column":30}},"5":{"start":{"line":9,"column":22},"end":{"line":9,"column":70}},"6":{"start":{"line":10,"column":24},"end":{"line":10,"column":69}},"7":{"start":{"line":11,"column":23},"end":{"line":11,"column":63}},"8":{"start":{"line":12,"column":8},"end":{"line":27,"column":10}},"9":{"start":{"line":22,"column":123},"end":{"line":22,"column":137}},"10":{"start":{"line":23,"column":120},"end":{"line":23,"column":140}},"11":{"start":{"line":24,"column":120},"end":{"line":24,"column":139}},"12":{"start":{"line":25,"column":113},"end":{"line":25,"column":128}}},"fnMap":{"0":{"name":"(anonymous_0)","decl":{"start":{"line":3,"column":4},"end":{"line":3,"column":5}},"loc":{"start":{"line":3,"column":12},"end":{"line":28,"column":5}},"line":3},"1":{"name":"(anonymous_1)","decl":{"start":{"line":22,"column":119},"end":{"line":22,"column":120}},"loc":{"start":{"line":22,"column":123},"end":{"line":22,"column":137}},"line":22},"2":{"name":"(anonymous_2)","decl":{"start":{"line":23,"column":116},"end":{"line":23,"column":117}},"loc":{"start":{"line":23,"column":120},"end":{"line":23,"column":140}},"line":23},"3":{"name":"(anonymous_3)","decl":{"start":{"line":24,"column":116},"end":{"line":24,"column":117}},"loc":{"start":{"line":24,"column":120},"end":{"line":24,"column":139}},"line":24},"4":{"name":"(anonymous_4)","decl":{"start":{"line":25,"column":109},"end":{"line":25,"column":110}},"loc":{"start":{"line":25,"column":113},"end":{"line":25,"column":128}},"line":25}},"branchMap":{"0":{"loc":{"start":{"line":9,"column":22},"end":{"line":9,"column":70}},"type":"binary-expr","locations":[{"start":{"line":9,"column":22},"end":{"line":9,"column":43}},{"start":{"line":9,"column":47},"end":{"line":9,"column":70}}],"line":9},"1":{"loc":{"start":{"line":14,"column":13},"end":{"line":14,"column":34}},"type":"cond-expr","locations":[{"start":{"line":14,"column":22},"end":{"line":14,"column":31}},{"start":{"line":14,"column":32},"end":{"line":14,"column":34}}],"line":14},"2":{"loc":{"start":{"line":18,"column":13},"end":{"line":18,"column":33}},"type":"cond-expr","locations":[{"start":{"line":18,"column":22},"end":{"line":18,"column":24}},{"start":{"line":18,"column":25},"end":{"line":18,"column":33}}],"line":18}},"s":{"0":2,"1":2,"2":2,"3":2,"4":2,"5":2,"6":2,"7":2,"8":2,"9":0,"10":0,"11":0,"12":0},"f":{"0":2,"1":0,"2":0,"3":0,"4":0},"b":{"0":[2,1],"1":[1,1],"2":[1,1]},"_coverageSchema":"1a1c01bbd47fc00a2c39e90264f33305004495a9","hash":"8d24628227e1c4bb3d008d4eb00bf61c4c9a45fa"}
}
