{"/Users/wanhsuan/Desktop/BuJo_React/src/util.js": {"path":"/Users/wanhsuan/Desktop/BuJo_React/src/util.js","statementMap":{"0":{"start":{"line":3,"column":19},"end":{"line":10,"column":1}},"1":{"start":{"line":5,"column":4},"end":{"line":5,"column":71}},"2":{"start":{"line":6,"column":4},"end":{"line":6,"column":58}},"3":{"start":{"line":7,"column":20},"end":{"line":7,"column":62}},"4":{"start":{"line":8,"column":17},"end":{"line":8,"column":64}},"5":{"start":{"line":9,"column":4},"end":{"line":9,"column":18}},"6":{"start":{"line":13,"column":23},"end":{"line":20,"column":1}},"7":{"start":{"line":15,"column":22},"end":{"line":15,"column":26}},"8":{"start":{"line":16,"column":4},"end":{"line":18,"column":5}},"9":{"start":{"line":17,"column":8},"end":{"line":17,"column":28}},"10":{"start":{"line":19,"column":4},"end":{"line":19,"column":23}},"11":{"start":{"line":22,"column":15},"end":{"line":31,"column":1}},"12":{"start":{"line":23,"column":4},"end":{"line":30,"column":2}},"13":{"start":{"line":24,"column":8},"end":{"line":24,"column":44}},"14":{"start":{"line":25,"column":8},"end":{"line":25,"column":20}},"15":{"start":{"line":26,"column":10},"end":{"line":30,"column":2}},"16":{"start":{"line":27,"column":2},"end":{"line":27,"column":22}},"17":{"start":{"line":29,"column":2},"end":{"line":29,"column":21}},"18":{"start":{"line":33,"column":19},"end":{"line":37,"column":1}},"19":{"start":{"line":34,"column":12},"end":{"line":34,"column":35}},"20":{"start":{"line":35,"column":4},"end":{"line":35,"column":28}},"21":{"start":{"line":36,"column":4},"end":{"line":36,"column":43}}},"fnMap":{"0":{"name":"(anonymous_0)","decl":{"start":{"line":3,"column":19},"end":{"line":3,"column":20}},"loc":{"start":{"line":3,"column":24},"end":{"line":10,"column":1}},"line":3},"1":{"name":"(anonymous_1)","decl":{"start":{"line":13,"column":23},"end":{"line":13,"column":24}},"loc":{"start":{"line":13,"column":32},"end":{"line":20,"column":1}},"line":13},"2":{"name":"(anonymous_2)","decl":{"start":{"line":22,"column":15},"end":{"line":22,"column":16}},"loc":{"start":{"line":22,"column":25},"end":{"line":31,"column":1}},"line":22},"3":{"name":"(anonymous_3)","decl":{"start":{"line":33,"column":19},"end":{"line":33,"column":20}},"loc":{"start":{"line":33,"column":23},"end":{"line":37,"column":1}},"line":33}},"branchMap":{"0":{"loc":{"start":{"line":6,"column":39},"end":{"line":6,"column":55}},"type":"binary-expr","locations":[{"start":{"line":6,"column":39},"end":{"line":6,"column":52}},{"start":{"line":6,"column":54},"end":{"line":6,"column":55}}],"line":6},"1":{"loc":{"start":{"line":16,"column":4},"end":{"line":18,"column":5}},"type":"if","locations":[{"start":{"line":16,"column":4},"end":{"line":18,"column":5}},{"start":{"line":16,"column":4},"end":{"line":18,"column":5}}],"line":16},"2":{"loc":{"start":{"line":23,"column":4},"end":{"line":30,"column":2}},"type":"if","locations":[{"start":{"line":23,"column":4},"end":{"line":30,"column":2}},{"start":{"line":23,"column":4},"end":{"line":30,"column":2}}],"line":23},"3":{"loc":{"start":{"line":23,"column":7},"end":{"line":23,"column":30}},"type":"binary-expr","locations":[{"start":{"line":23,"column":7},"end":{"line":23,"column":18}},{"start":{"line":23,"column":22},"end":{"line":23,"column":30}}],"line":23},"4":{"loc":{"start":{"line":26,"column":10},"end":{"line":30,"column":2}},"type":"if","locations":[{"start":{"line":26,"column":10},"end":{"line":30,"column":2}},{"start":{"line":26,"column":10},"end":{"line":30,"column":2}}],"line":26}},"s":{"0":1,"1":1,"2":1,"3":1,"4":1,"5":1,"6":1,"7":0,"8":0,"9":0,"10":0,"11":1,"12":3,"13":1,"14":1,"15":2,"16":2,"17":0,"18":1,"19":0,"20":0,"21":0},"f":{"0":1,"1":0,"2":3,"3":0},"b":{"0":[1,0],"1":[0,0],"2":[1,2],"3":[3,2],"4":[2,0]},"_coverageSchema":"1a1c01bbd47fc00a2c39e90264f33305004495a9","hash":"777e1d1947baa3bf6f5d735137ec2a69deaefc36"}
,"/Users/wanhsuan/Desktop/BuJo_React/src/DayLog/dayLogTitle.js": {"path":"/Users/wanhsuan/Desktop/BuJo_React/src/DayLog/dayLogTitle.js","statementMap":{"0":{"start":{"line":4,"column":19},"end":{"line":4,"column":34}},"1":{"start":{"line":5,"column":41},"end":{"line":5,"column":51}},"2":{"start":{"line":6,"column":83},"end":{"line":6,"column":94}},"3":{"start":{"line":7,"column":20},"end":{"line":7,"column":30}},"4":{"start":{"line":8,"column":22},"end":{"line":8,"column":70}},"5":{"start":{"line":9,"column":24},"end":{"line":9,"column":69}},"6":{"start":{"line":10,"column":23},"end":{"line":10,"column":63}},"7":{"start":{"line":11,"column":8},"end":{"line":26,"column":10}},"8":{"start":{"line":21,"column":123},"end":{"line":21,"column":137}},"9":{"start":{"line":22,"column":120},"end":{"line":22,"column":140}},"10":{"start":{"line":23,"column":120},"end":{"line":23,"column":139}},"11":{"start":{"line":24,"column":113},"end":{"line":24,"column":128}}},"fnMap":{"0":{"name":"(anonymous_0)","decl":{"start":{"line":3,"column":4},"end":{"line":3,"column":5}},"loc":{"start":{"line":3,"column":12},"end":{"line":27,"column":5}},"line":3},"1":{"name":"(anonymous_1)","decl":{"start":{"line":21,"column":119},"end":{"line":21,"column":120}},"loc":{"start":{"line":21,"column":123},"end":{"line":21,"column":137}},"line":21},"2":{"name":"(anonymous_2)","decl":{"start":{"line":22,"column":116},"end":{"line":22,"column":117}},"loc":{"start":{"line":22,"column":120},"end":{"line":22,"column":140}},"line":22},"3":{"name":"(anonymous_3)","decl":{"start":{"line":23,"column":116},"end":{"line":23,"column":117}},"loc":{"start":{"line":23,"column":120},"end":{"line":23,"column":139}},"line":23},"4":{"name":"(anonymous_4)","decl":{"start":{"line":24,"column":109},"end":{"line":24,"column":110}},"loc":{"start":{"line":24,"column":113},"end":{"line":24,"column":128}},"line":24}},"branchMap":{"0":{"loc":{"start":{"line":8,"column":22},"end":{"line":8,"column":70}},"type":"binary-expr","locations":[{"start":{"line":8,"column":22},"end":{"line":8,"column":43}},{"start":{"line":8,"column":47},"end":{"line":8,"column":70}}],"line":8},"1":{"loc":{"start":{"line":13,"column":13},"end":{"line":13,"column":34}},"type":"cond-expr","locations":[{"start":{"line":13,"column":22},"end":{"line":13,"column":31}},{"start":{"line":13,"column":32},"end":{"line":13,"column":34}}],"line":13},"2":{"loc":{"start":{"line":17,"column":13},"end":{"line":17,"column":33}},"type":"cond-expr","locations":[{"start":{"line":17,"column":22},"end":{"line":17,"column":24}},{"start":{"line":17,"column":25},"end":{"line":17,"column":33}}],"line":17}},"s":{"0":2,"1":2,"2":2,"3":2,"4":2,"5":2,"6":2,"7":2,"8":0,"9":0,"10":0,"11":0},"f":{"0":2,"1":0,"2":0,"3":0,"4":0},"b":{"0":[2,1],"1":[1,1],"2":[1,1]},"_coverageSchema":"1a1c01bbd47fc00a2c39e90264f33305004495a9","hash":"79a5bf9ae6d8b7ac115cd6611ae2f74c2bc2beb0"}
}
