TN:
SF:src/util.js
FN:3,(anonymous_0)
FN:13,(anonymous_1)
FN:22,(anonymous_2)
FN:33,(anonymous_3)
FNF:4
FNH:2
FNDA:1,(anonymous_0)
FNDA:0,(anonymous_1)
FNDA:3,(anonymous_2)
FNDA:0,(anonymous_3)
DA:3,1
DA:5,1
DA:6,1
DA:7,1
DA:8,1
DA:9,1
DA:13,1
DA:15,0
DA:16,0
DA:17,0
DA:19,0
DA:22,1
DA:23,3
DA:24,1
DA:25,1
DA:26,2
DA:27,2
DA:29,0
DA:33,1
DA:34,0
DA:35,0
DA:36,0
LF:22
LH:14
BRDA:6,0,0,1
BRDA:6,0,1,0
BRDA:16,1,0,0
BRDA:16,1,1,0
BRDA:23,2,0,1
BRDA:23,2,1,2
BRDA:23,3,0,3
BRDA:23,3,1,2
BRDA:26,4,0,2
BRDA:26,4,1,0
BRF:10
BRH:6
end_of_record
TN:
SF:src/DayLog/dayLogTitle.js
FN:3,(anonymous_0)
FN:21,(anonymous_1)
FN:22,(anonymous_2)
FN:23,(anonymous_3)
FN:24,(anonymous_4)
FNF:5
FNH:1
FNDA:2,(anonymous_0)
FNDA:0,(anonymous_1)
FNDA:0,(anonymous_2)
FNDA:0,(anonymous_3)
FNDA:0,(anonymous_4)
DA:4,2
DA:5,2
DA:6,2
DA:7,2
DA:8,2
DA:9,2
DA:10,2
DA:11,2
DA:21,0
DA:22,0
DA:23,0
DA:24,0
LF:12
LH:8
BRDA:8,0,0,2
BRDA:8,0,1,1
BRDA:13,1,0,1
BRDA:13,1,1,1
BRDA:17,2,0,1
BRDA:17,2,1,1
BRF:6
BRH:6
end_of_record
